<?xml version="1.0" encoding="UTF-8"?>
<testng-results ignored="0" total="1" passed="1" failed="0" skipped="0">
  <reporter-output>
  </reporter-output>
  <suite started-at="2024-07-05T00:32:17 EDT" name="Suite" finished-at="2024-07-05T00:32:23 EDT" duration-ms="5546">
    <groups>
    </groups>
    <test started-at="2024-07-05T00:32:17 EDT" name="JenkinsTest" finished-at="2024-07-05T00:32:23 EDT" duration-ms="5546">
      <class name="dfrg.jee">
        <test-method signature="startbrowser()[pri:0, instance:dfrg.jee@57cf54e1]" started-at="2024-07-05T00:32:18 EDT" name="startbrowser" finished-at="2024-07-05T00:32:23 EDT" duration-ms="5274" status="PASS">
          <reporter-output>
          </reporter-output>
        </test-method> <!-- startbrowser -->
      </class> <!-- dfrg.jee -->
    </test> <!-- JenkinsTest -->
  </suite> <!-- Suite -->
</testng-results>
