<?xml version="1.0" encoding="UTF-8"?>
<testng-results ignored="0" total="1" passed="1" failed="0" skipped="0">
  <reporter-output>
  </reporter-output>
  <suite started-at="2024-07-04T23:17:38 EDT" name="Default suite" finished-at="2024-07-04T23:17:44 EDT" duration-ms="5629">
    <groups>
    </groups>
    <test started-at="2024-07-04T23:17:38 EDT" name="Default test" finished-at="2024-07-04T23:17:44 EDT" duration-ms="5629">
      <class name="dfrg.jee">
        <test-method signature="startbrowser()[pri:0, instance:dfrg.jee@74e28667]" started-at="2024-07-04T23:17:39 EDT" name="startbrowser" finished-at="2024-07-04T23:17:44 EDT" duration-ms="5519" status="PASS">
          <reporter-output>
          </reporter-output>
        </test-method> <!-- startbrowser -->
      </class> <!-- dfrg.jee -->
    </test> <!-- Default test -->
  </suite> <!-- Default suite -->
</testng-results>
